The system is: Linux - 2.6.34-smp - i686
Compiling the C compiler identification source file "CMakeCCompilerId.c" succeeded.
Compiler: /usr/bin/gcc 
Build flags: 
Id flags: 

The output was:
0


Compilation of the C compiler identification source "CMakeCCompilerId.c" produced "a.out"

The C compiler identification is GNU, found in "/home/somebody/projects/qmpdclient/CMakeFiles/CompilerIdC/a.out"

Compiling the CXX compiler identification source file "CMakeCXXCompilerId.cpp" succeeded.
Compiler: /usr/bin/c++ 
Build flags: 
Id flags: 

The output was:
0
CMakeCXXCompilerId.cpp:76: warning: deprecated conversion from string constant to ‘char*’
CMakeCXXCompilerId.cpp:189: warning: deprecated conversion from string constant to ‘char*’
CMakeCXXCompilerId.cpp:190: warning: deprecated conversion from string constant to ‘char*’


Compilation of the CXX compiler identification source "CMakeCXXCompilerId.cpp" produced "a.out"

The CXX compiler identification is GNU, found in "/home/somebody/projects/qmpdclient/CMakeFiles/CompilerIdCXX/a.out"

Determining if the C compiler works passed with the following output:
Change Dir: /home/somebody/projects/qmpdclient/CMakeFiles/CMakeTmp

Run Build Command:/usr/bin/gmake "cmTryCompileExec/fast"
/usr/bin/gmake -f CMakeFiles/cmTryCompileExec.dir/build.make CMakeFiles/cmTryCompileExec.dir/build
gmake[1]: Entering directory `/home/somebody/projects/qmpdclient/CMakeFiles/CMakeTmp'
/usr/bin/cmake -E cmake_progress_report /home/somebody/projects/qmpdclient/CMakeFiles/CMakeTmp/CMakeFiles 1
Building C object CMakeFiles/cmTryCompileExec.dir/testCCompiler.c.o
/usr/bin/gcc    -o CMakeFiles/cmTryCompileExec.dir/testCCompiler.c.o   -c /home/somebody/projects/qmpdclient/CMakeFiles/CMakeTmp/testCCompiler.c
Linking C executable cmTryCompileExec
/usr/bin/cmake -E cmake_link_script CMakeFiles/cmTryCompileExec.dir/link.txt --verbose=1
/usr/bin/gcc        CMakeFiles/cmTryCompileExec.dir/testCCompiler.c.o  -o cmTryCompileExec -rdynamic 
gmake[1]: Leaving directory `/home/somebody/projects/qmpdclient/CMakeFiles/CMakeTmp'


Detecting C compiler ABI info compiled with the following output:
Change Dir: /home/somebody/projects/qmpdclient/CMakeFiles/CMakeTmp

Run Build Command:/usr/bin/gmake "cmTryCompileExec/fast"
/usr/bin/gmake -f CMakeFiles/cmTryCompileExec.dir/build.make CMakeFiles/cmTryCompileExec.dir/build
gmake[1]: Entering directory `/home/somebody/projects/qmpdclient/CMakeFiles/CMakeTmp'
/usr/bin/cmake -E cmake_progress_report /home/somebody/projects/qmpdclient/CMakeFiles/CMakeTmp/CMakeFiles 1
Building C object CMakeFiles/cmTryCompileExec.dir/CMakeCCompilerABI.c.o
/usr/bin/gcc    -o CMakeFiles/cmTryCompileExec.dir/CMakeCCompilerABI.c.o   -c /usr/share/cmake-2.8/Modules/CMakeCCompilerABI.c
Linking C executable cmTryCompileExec
/usr/bin/cmake -E cmake_link_script CMakeFiles/cmTryCompileExec.dir/link.txt --verbose=1
/usr/bin/gcc       -v CMakeFiles/cmTryCompileExec.dir/CMakeCCompilerABI.c.o  -o cmTryCompileExec -rdynamic  
Reading specs from /usr/lib/gcc/i486-slackware-linux/4.4.4/specs
Target: i486-slackware-linux
Configured with: ../gcc-4.4.4/configure --prefix=/usr --libdir=/usr/lib --enable-shared --enable-bootstrap --enable-languages=ada,c,c++,fortran,java,objc --enable-threads=posix --enable-checking=release --with-system-zlib --with-python-dir=/lib/python2.6/site-packages --disable-libunwind-exceptions --enable-__cxa_atexit --enable-libssp --with-gnu-ld --verbose --with-arch=i486 --target=i486-slackware-linux --build=i486-slackware-linux --host=i486-slackware-linux
Thread model: posix
gcc version 4.4.4 (GCC) 
COMPILER_PATH=/usr/libexec/gcc/i486-slackware-linux/4.4.4/:/usr/libexec/gcc/i486-slackware-linux/4.4.4/:/usr/libexec/gcc/i486-slackware-linux/:/usr/lib/gcc/i486-slackware-linux/4.4.4/:/usr/lib/gcc/i486-slackware-linux/:/usr/libexec/gcc/i486-slackware-linux/4.4.4/:/usr/libexec/gcc/i486-slackware-linux/:/usr/lib/gcc/i486-slackware-linux/4.4.4/:/usr/lib/gcc/i486-slackware-linux/:/usr/lib/gcc/i486-slackware-linux/4.4.4/../../../../i486-slackware-linux/bin/
LIBRARY_PATH=/usr/lib/gcc/i486-slackware-linux/4.4.4/:/usr/lib/gcc/i486-slackware-linux/4.4.4/:/usr/lib/gcc/i486-slackware-linux/4.4.4/../../../../i486-slackware-linux/lib/:/usr/lib/gcc/i486-slackware-linux/4.4.4/../../../:/lib/:/usr/lib/
COLLECT_GCC_OPTIONS='-v' '-o' 'cmTryCompileExec' '-rdynamic' '-mtune=i486' '-march=i486'
 /usr/libexec/gcc/i486-slackware-linux/4.4.4/collect2 --eh-frame-hdr -m elf_i386 -export-dynamic -dynamic-linker /lib/ld-linux.so.2 -o cmTryCompileExec /usr/lib/gcc/i486-slackware-linux/4.4.4/../../../crt1.o /usr/lib/gcc/i486-slackware-linux/4.4.4/../../../crti.o /usr/lib/gcc/i486-slackware-linux/4.4.4/crtbegin.o -L/usr/lib/gcc/i486-slackware-linux/4.4.4 -L/usr/lib/gcc/i486-slackware-linux/4.4.4 -L/usr/lib/gcc/i486-slackware-linux/4.4.4/../../../../i486-slackware-linux/lib -L/usr/lib/gcc/i486-slackware-linux/4.4.4/../../.. CMakeFiles/cmTryCompileExec.dir/CMakeCCompilerABI.c.o -lgcc --as-needed -lgcc_s --no-as-needed -lc -lgcc --as-needed -lgcc_s --no-as-needed /usr/lib/gcc/i486-slackware-linux/4.4.4/crtend.o /usr/lib/gcc/i486-slackware-linux/4.4.4/../../../crtn.o
gmake[1]: Leaving directory `/home/somebody/projects/qmpdclient/CMakeFiles/CMakeTmp'


Parsed C implicit link information from above output:
  link line regex: [^( *|.*[/\])(ld|ld|collect2)[^/\]*( |$)]
  ignore line: [Change Dir: /home/somebody/projects/qmpdclient/CMakeFiles/CMakeTmp]
  ignore line: []
  ignore line: [Run Build Command:/usr/bin/gmake "cmTryCompileExec/fast"]
  ignore line: [/usr/bin/gmake -f CMakeFiles/cmTryCompileExec.dir/build.make CMakeFiles/cmTryCompileExec.dir/build]
  ignore line: [gmake[1]: Entering directory `/home/somebody/projects/qmpdclient/CMakeFiles/CMakeTmp']
  ignore line: [/usr/bin/cmake -E cmake_progress_report /home/somebody/projects/qmpdclient/CMakeFiles/CMakeTmp/CMakeFiles 1]
  ignore line: [Building C object CMakeFiles/cmTryCompileExec.dir/CMakeCCompilerABI.c.o]
  ignore line: [/usr/bin/gcc    -o CMakeFiles/cmTryCompileExec.dir/CMakeCCompilerABI.c.o   -c /usr/share/cmake-2.8/Modules/CMakeCCompilerABI.c]
  ignore line: [Linking C executable cmTryCompileExec]
  ignore line: [/usr/bin/cmake -E cmake_link_script CMakeFiles/cmTryCompileExec.dir/link.txt --verbose=1]
  ignore line: [/usr/bin/gcc       -v CMakeFiles/cmTryCompileExec.dir/CMakeCCompilerABI.c.o  -o cmTryCompileExec -rdynamic  ]
  ignore line: [Reading specs from /usr/lib/gcc/i486-slackware-linux/4.4.4/specs]
  ignore line: [Target: i486-slackware-linux]
  ignore line: [Configured with: ../gcc-4.4.4/configure --prefix=/usr --libdir=/usr/lib --enable-shared --enable-bootstrap --enable-languages=ada,c,c++,fortran,java,objc --enable-threads=posix --enable-checking=release --with-system-zlib --with-python-dir=/lib/python2.6/site-packages --disable-libunwind-exceptions --enable-__cxa_atexit --enable-libssp --with-gnu-ld --verbose --with-arch=i486 --target=i486-slackware-linux --build=i486-slackware-linux --host=i486-slackware-linux]
  ignore line: [Thread model: posix]
  ignore line: [gcc version 4.4.4 (GCC) ]
  ignore line: [COMPILER_PATH=/usr/libexec/gcc/i486-slackware-linux/4.4.4/:/usr/libexec/gcc/i486-slackware-linux/4.4.4/:/usr/libexec/gcc/i486-slackware-linux/:/usr/lib/gcc/i486-slackware-linux/4.4.4/:/usr/lib/gcc/i486-slackware-linux/:/usr/libexec/gcc/i486-slackware-linux/4.4.4/:/usr/libexec/gcc/i486-slackware-linux/:/usr/lib/gcc/i486-slackware-linux/4.4.4/:/usr/lib/gcc/i486-slackware-linux/:/usr/lib/gcc/i486-slackware-linux/4.4.4/../../../../i486-slackware-linux/bin/]
  ignore line: [LIBRARY_PATH=/usr/lib/gcc/i486-slackware-linux/4.4.4/:/usr/lib/gcc/i486-slackware-linux/4.4.4/:/usr/lib/gcc/i486-slackware-linux/4.4.4/../../../../i486-slackware-linux/lib/:/usr/lib/gcc/i486-slackware-linux/4.4.4/../../../:/lib/:/usr/lib/]
  ignore line: [COLLECT_GCC_OPTIONS='-v' '-o' 'cmTryCompileExec' '-rdynamic' '-mtune=i486' '-march=i486']
  link line: [ /usr/libexec/gcc/i486-slackware-linux/4.4.4/collect2 --eh-frame-hdr -m elf_i386 -export-dynamic -dynamic-linker /lib/ld-linux.so.2 -o cmTryCompileExec /usr/lib/gcc/i486-slackware-linux/4.4.4/../../../crt1.o /usr/lib/gcc/i486-slackware-linux/4.4.4/../../../crti.o /usr/lib/gcc/i486-slackware-linux/4.4.4/crtbegin.o -L/usr/lib/gcc/i486-slackware-linux/4.4.4 -L/usr/lib/gcc/i486-slackware-linux/4.4.4 -L/usr/lib/gcc/i486-slackware-linux/4.4.4/../../../../i486-slackware-linux/lib -L/usr/lib/gcc/i486-slackware-linux/4.4.4/../../.. CMakeFiles/cmTryCompileExec.dir/CMakeCCompilerABI.c.o -lgcc --as-needed -lgcc_s --no-as-needed -lc -lgcc --as-needed -lgcc_s --no-as-needed /usr/lib/gcc/i486-slackware-linux/4.4.4/crtend.o /usr/lib/gcc/i486-slackware-linux/4.4.4/../../../crtn.o]
    arg [/usr/libexec/gcc/i486-slackware-linux/4.4.4/collect2] ==> ignore
    arg [--eh-frame-hdr] ==> ignore
    arg [-m] ==> ignore
    arg [elf_i386] ==> ignore
    arg [-export-dynamic] ==> ignore
    arg [-dynamic-linker] ==> ignore
    arg [/lib/ld-linux.so.2] ==> ignore
    arg [-o] ==> ignore
    arg [cmTryCompileExec] ==> ignore
    arg [/usr/lib/gcc/i486-slackware-linux/4.4.4/../../../crt1.o] ==> ignore
    arg [/usr/lib/gcc/i486-slackware-linux/4.4.4/../../../crti.o] ==> ignore
    arg [/usr/lib/gcc/i486-slackware-linux/4.4.4/crtbegin.o] ==> ignore
    arg [-L/usr/lib/gcc/i486-slackware-linux/4.4.4] ==> dir [/usr/lib/gcc/i486-slackware-linux/4.4.4]
    arg [-L/usr/lib/gcc/i486-slackware-linux/4.4.4] ==> dir [/usr/lib/gcc/i486-slackware-linux/4.4.4]
    arg [-L/usr/lib/gcc/i486-slackware-linux/4.4.4/../../../../i486-slackware-linux/lib] ==> dir [/usr/lib/gcc/i486-slackware-linux/4.4.4/../../../../i486-slackware-linux/lib]
    arg [-L/usr/lib/gcc/i486-slackware-linux/4.4.4/../../..] ==> dir [/usr/lib/gcc/i486-slackware-linux/4.4.4/../../..]
    arg [CMakeFiles/cmTryCompileExec.dir/CMakeCCompilerABI.c.o] ==> ignore
    arg [-lgcc] ==> lib [gcc]
    arg [--as-needed] ==> ignore
    arg [-lgcc_s] ==> lib [gcc_s]
    arg [--no-as-needed] ==> ignore
    arg [-lc] ==> lib [c]
    arg [-lgcc] ==> lib [gcc]
    arg [--as-needed] ==> ignore
    arg [-lgcc_s] ==> lib [gcc_s]
    arg [--no-as-needed] ==> ignore
    arg [/usr/lib/gcc/i486-slackware-linux/4.4.4/crtend.o] ==> ignore
    arg [/usr/lib/gcc/i486-slackware-linux/4.4.4/../../../crtn.o] ==> ignore
  remove lib [gcc]
  remove lib [gcc_s]
  remove lib [gcc]
  remove lib [gcc_s]
  collapse dir [/usr/lib/gcc/i486-slackware-linux/4.4.4] ==> [/usr/lib/gcc/i486-slackware-linux/4.4.4]
  collapse dir [/usr/lib/gcc/i486-slackware-linux/4.4.4] ==> [/usr/lib/gcc/i486-slackware-linux/4.4.4]
  collapse dir [/usr/lib/gcc/i486-slackware-linux/4.4.4/../../../../i486-slackware-linux/lib] ==> [/usr/i486-slackware-linux/lib]
  collapse dir [/usr/lib/gcc/i486-slackware-linux/4.4.4/../../..] ==> [/usr/lib]
  implicit libs: [c]
  implicit dirs: [/usr/lib/gcc/i486-slackware-linux/4.4.4;/usr/i486-slackware-linux/lib;/usr/lib]


Determining if the CXX compiler works passed with the following output:
Change Dir: /home/somebody/projects/qmpdclient/CMakeFiles/CMakeTmp

Run Build Command:/usr/bin/gmake "cmTryCompileExec/fast"
/usr/bin/gmake -f CMakeFiles/cmTryCompileExec.dir/build.make CMakeFiles/cmTryCompileExec.dir/build
gmake[1]: Entering directory `/home/somebody/projects/qmpdclient/CMakeFiles/CMakeTmp'
/usr/bin/cmake -E cmake_progress_report /home/somebody/projects/qmpdclient/CMakeFiles/CMakeTmp/CMakeFiles 1
Building CXX object CMakeFiles/cmTryCompileExec.dir/testCXXCompiler.cxx.o
/usr/bin/c++     -o CMakeFiles/cmTryCompileExec.dir/testCXXCompiler.cxx.o -c /home/somebody/projects/qmpdclient/CMakeFiles/CMakeTmp/testCXXCompiler.cxx
Linking CXX executable cmTryCompileExec
/usr/bin/cmake -E cmake_link_script CMakeFiles/cmTryCompileExec.dir/link.txt --verbose=1
/usr/bin/c++         CMakeFiles/cmTryCompileExec.dir/testCXXCompiler.cxx.o  -o cmTryCompileExec -rdynamic 
gmake[1]: Leaving directory `/home/somebody/projects/qmpdclient/CMakeFiles/CMakeTmp'


Detecting CXX compiler ABI info compiled with the following output:
Change Dir: /home/somebody/projects/qmpdclient/CMakeFiles/CMakeTmp

Run Build Command:/usr/bin/gmake "cmTryCompileExec/fast"
/usr/bin/gmake -f CMakeFiles/cmTryCompileExec.dir/build.make CMakeFiles/cmTryCompileExec.dir/build
gmake[1]: Entering directory `/home/somebody/projects/qmpdclient/CMakeFiles/CMakeTmp'
/usr/bin/cmake -E cmake_progress_report /home/somebody/projects/qmpdclient/CMakeFiles/CMakeTmp/CMakeFiles 1
Building CXX object CMakeFiles/cmTryCompileExec.dir/CMakeCXXCompilerABI.cpp.o
/usr/bin/c++     -o CMakeFiles/cmTryCompileExec.dir/CMakeCXXCompilerABI.cpp.o -c /usr/share/cmake-2.8/Modules/CMakeCXXCompilerABI.cpp
Linking CXX executable cmTryCompileExec
/usr/bin/cmake -E cmake_link_script CMakeFiles/cmTryCompileExec.dir/link.txt --verbose=1
/usr/bin/c++        -v CMakeFiles/cmTryCompileExec.dir/CMakeCXXCompilerABI.cpp.o  -o cmTryCompileExec -rdynamic  
Reading specs from /usr/lib/gcc/i486-slackware-linux/4.4.4/specs
Target: i486-slackware-linux
Configured with: ../gcc-4.4.4/configure --prefix=/usr --libdir=/usr/lib --enable-shared --enable-bootstrap --enable-languages=ada,c,c++,fortran,java,objc --enable-threads=posix --enable-checking=release --with-system-zlib --with-python-dir=/lib/python2.6/site-packages --disable-libunwind-exceptions --enable-__cxa_atexit --enable-libssp --with-gnu-ld --verbose --with-arch=i486 --target=i486-slackware-linux --build=i486-slackware-linux --host=i486-slackware-linux
Thread model: posix
gcc version 4.4.4 (GCC) 
COMPILER_PATH=/usr/libexec/gcc/i486-slackware-linux/4.4.4/:/usr/libexec/gcc/i486-slackware-linux/4.4.4/:/usr/libexec/gcc/i486-slackware-linux/:/usr/lib/gcc/i486-slackware-linux/4.4.4/:/usr/lib/gcc/i486-slackware-linux/:/usr/libexec/gcc/i486-slackware-linux/4.4.4/:/usr/libexec/gcc/i486-slackware-linux/:/usr/lib/gcc/i486-slackware-linux/4.4.4/:/usr/lib/gcc/i486-slackware-linux/:/usr/lib/gcc/i486-slackware-linux/4.4.4/../../../../i486-slackware-linux/bin/
LIBRARY_PATH=/usr/lib/gcc/i486-slackware-linux/4.4.4/:/usr/lib/gcc/i486-slackware-linux/4.4.4/:/usr/lib/gcc/i486-slackware-linux/4.4.4/../../../../i486-slackware-linux/lib/:/usr/lib/gcc/i486-slackware-linux/4.4.4/../../../:/lib/:/usr/lib/
COLLECT_GCC_OPTIONS='-v' '-o' 'cmTryCompileExec' '-rdynamic' '-shared-libgcc' '-mtune=i486' '-march=i486'
 /usr/libexec/gcc/i486-slackware-linux/4.4.4/collect2 --eh-frame-hdr -m elf_i386 -export-dynamic -dynamic-linker /lib/ld-linux.so.2 -o cmTryCompileExec /usr/lib/gcc/i486-slackware-linux/4.4.4/../../../crt1.o /usr/lib/gcc/i486-slackware-linux/4.4.4/../../../crti.o /usr/lib/gcc/i486-slackware-linux/4.4.4/crtbegin.o -L/usr/lib/gcc/i486-slackware-linux/4.4.4 -L/usr/lib/gcc/i486-slackware-linux/4.4.4 -L/usr/lib/gcc/i486-slackware-linux/4.4.4/../../../../i486-slackware-linux/lib -L/usr/lib/gcc/i486-slackware-linux/4.4.4/../../.. CMakeFiles/cmTryCompileExec.dir/CMakeCXXCompilerABI.cpp.o -lstdc++ -lm -lgcc_s -lgcc -lc -lgcc_s -lgcc /usr/lib/gcc/i486-slackware-linux/4.4.4/crtend.o /usr/lib/gcc/i486-slackware-linux/4.4.4/../../../crtn.o
gmake[1]: Leaving directory `/home/somebody/projects/qmpdclient/CMakeFiles/CMakeTmp'


Parsed CXX implicit link information from above output:
  link line regex: [^( *|.*[/\])(ld|ld|collect2)[^/\]*( |$)]
  ignore line: [Change Dir: /home/somebody/projects/qmpdclient/CMakeFiles/CMakeTmp]
  ignore line: []
  ignore line: [Run Build Command:/usr/bin/gmake "cmTryCompileExec/fast"]
  ignore line: [/usr/bin/gmake -f CMakeFiles/cmTryCompileExec.dir/build.make CMakeFiles/cmTryCompileExec.dir/build]
  ignore line: [gmake[1]: Entering directory `/home/somebody/projects/qmpdclient/CMakeFiles/CMakeTmp']
  ignore line: [/usr/bin/cmake -E cmake_progress_report /home/somebody/projects/qmpdclient/CMakeFiles/CMakeTmp/CMakeFiles 1]
  ignore line: [Building CXX object CMakeFiles/cmTryCompileExec.dir/CMakeCXXCompilerABI.cpp.o]
  ignore line: [/usr/bin/c++     -o CMakeFiles/cmTryCompileExec.dir/CMakeCXXCompilerABI.cpp.o -c /usr/share/cmake-2.8/Modules/CMakeCXXCompilerABI.cpp]
  ignore line: [Linking CXX executable cmTryCompileExec]
  ignore line: [/usr/bin/cmake -E cmake_link_script CMakeFiles/cmTryCompileExec.dir/link.txt --verbose=1]
  ignore line: [/usr/bin/c++        -v CMakeFiles/cmTryCompileExec.dir/CMakeCXXCompilerABI.cpp.o  -o cmTryCompileExec -rdynamic  ]
  ignore line: [Reading specs from /usr/lib/gcc/i486-slackware-linux/4.4.4/specs]
  ignore line: [Target: i486-slackware-linux]
  ignore line: [Configured with: ../gcc-4.4.4/configure --prefix=/usr --libdir=/usr/lib --enable-shared --enable-bootstrap --enable-languages=ada,c,c++,fortran,java,objc --enable-threads=posix --enable-checking=release --with-system-zlib --with-python-dir=/lib/python2.6/site-packages --disable-libunwind-exceptions --enable-__cxa_atexit --enable-libssp --with-gnu-ld --verbose --with-arch=i486 --target=i486-slackware-linux --build=i486-slackware-linux --host=i486-slackware-linux]
  ignore line: [Thread model: posix]
  ignore line: [gcc version 4.4.4 (GCC) ]
  ignore line: [COMPILER_PATH=/usr/libexec/gcc/i486-slackware-linux/4.4.4/:/usr/libexec/gcc/i486-slackware-linux/4.4.4/:/usr/libexec/gcc/i486-slackware-linux/:/usr/lib/gcc/i486-slackware-linux/4.4.4/:/usr/lib/gcc/i486-slackware-linux/:/usr/libexec/gcc/i486-slackware-linux/4.4.4/:/usr/libexec/gcc/i486-slackware-linux/:/usr/lib/gcc/i486-slackware-linux/4.4.4/:/usr/lib/gcc/i486-slackware-linux/:/usr/lib/gcc/i486-slackware-linux/4.4.4/../../../../i486-slackware-linux/bin/]
  ignore line: [LIBRARY_PATH=/usr/lib/gcc/i486-slackware-linux/4.4.4/:/usr/lib/gcc/i486-slackware-linux/4.4.4/:/usr/lib/gcc/i486-slackware-linux/4.4.4/../../../../i486-slackware-linux/lib/:/usr/lib/gcc/i486-slackware-linux/4.4.4/../../../:/lib/:/usr/lib/]
  ignore line: [COLLECT_GCC_OPTIONS='-v' '-o' 'cmTryCompileExec' '-rdynamic' '-shared-libgcc' '-mtune=i486' '-march=i486']
  link line: [ /usr/libexec/gcc/i486-slackware-linux/4.4.4/collect2 --eh-frame-hdr -m elf_i386 -export-dynamic -dynamic-linker /lib/ld-linux.so.2 -o cmTryCompileExec /usr/lib/gcc/i486-slackware-linux/4.4.4/../../../crt1.o /usr/lib/gcc/i486-slackware-linux/4.4.4/../../../crti.o /usr/lib/gcc/i486-slackware-linux/4.4.4/crtbegin.o -L/usr/lib/gcc/i486-slackware-linux/4.4.4 -L/usr/lib/gcc/i486-slackware-linux/4.4.4 -L/usr/lib/gcc/i486-slackware-linux/4.4.4/../../../../i486-slackware-linux/lib -L/usr/lib/gcc/i486-slackware-linux/4.4.4/../../.. CMakeFiles/cmTryCompileExec.dir/CMakeCXXCompilerABI.cpp.o -lstdc++ -lm -lgcc_s -lgcc -lc -lgcc_s -lgcc /usr/lib/gcc/i486-slackware-linux/4.4.4/crtend.o /usr/lib/gcc/i486-slackware-linux/4.4.4/../../../crtn.o]
    arg [/usr/libexec/gcc/i486-slackware-linux/4.4.4/collect2] ==> ignore
    arg [--eh-frame-hdr] ==> ignore
    arg [-m] ==> ignore
    arg [elf_i386] ==> ignore
    arg [-export-dynamic] ==> ignore
    arg [-dynamic-linker] ==> ignore
    arg [/lib/ld-linux.so.2] ==> ignore
    arg [-o] ==> ignore
    arg [cmTryCompileExec] ==> ignore
    arg [/usr/lib/gcc/i486-slackware-linux/4.4.4/../../../crt1.o] ==> ignore
    arg [/usr/lib/gcc/i486-slackware-linux/4.4.4/../../../crti.o] ==> ignore
    arg [/usr/lib/gcc/i486-slackware-linux/4.4.4/crtbegin.o] ==> ignore
    arg [-L/usr/lib/gcc/i486-slackware-linux/4.4.4] ==> dir [/usr/lib/gcc/i486-slackware-linux/4.4.4]
    arg [-L/usr/lib/gcc/i486-slackware-linux/4.4.4] ==> dir [/usr/lib/gcc/i486-slackware-linux/4.4.4]
    arg [-L/usr/lib/gcc/i486-slackware-linux/4.4.4/../../../../i486-slackware-linux/lib] ==> dir [/usr/lib/gcc/i486-slackware-linux/4.4.4/../../../../i486-slackware-linux/lib]
    arg [-L/usr/lib/gcc/i486-slackware-linux/4.4.4/../../..] ==> dir [/usr/lib/gcc/i486-slackware-linux/4.4.4/../../..]
    arg [CMakeFiles/cmTryCompileExec.dir/CMakeCXXCompilerABI.cpp.o] ==> ignore
    arg [-lstdc++] ==> lib [stdc++]
    arg [-lm] ==> lib [m]
    arg [-lgcc_s] ==> lib [gcc_s]
    arg [-lgcc] ==> lib [gcc]
    arg [-lc] ==> lib [c]
    arg [-lgcc_s] ==> lib [gcc_s]
    arg [-lgcc] ==> lib [gcc]
    arg [/usr/lib/gcc/i486-slackware-linux/4.4.4/crtend.o] ==> ignore
    arg [/usr/lib/gcc/i486-slackware-linux/4.4.4/../../../crtn.o] ==> ignore
  remove lib [gcc_s]
  remove lib [gcc]
  remove lib [gcc_s]
  remove lib [gcc]
  collapse dir [/usr/lib/gcc/i486-slackware-linux/4.4.4] ==> [/usr/lib/gcc/i486-slackware-linux/4.4.4]
  collapse dir [/usr/lib/gcc/i486-slackware-linux/4.4.4] ==> [/usr/lib/gcc/i486-slackware-linux/4.4.4]
  collapse dir [/usr/lib/gcc/i486-slackware-linux/4.4.4/../../../../i486-slackware-linux/lib] ==> [/usr/i486-slackware-linux/lib]
  collapse dir [/usr/lib/gcc/i486-slackware-linux/4.4.4/../../..] ==> [/usr/lib]
  implicit libs: [stdc++;m;c]
  implicit dirs: [/usr/lib/gcc/i486-slackware-linux/4.4.4;/usr/i486-slackware-linux/lib;/usr/lib]


Determining if the Q_WS_X11 exist passed with the following output:
Change Dir: /home/somebody/projects/qmpdclient/CMakeFiles/CMakeTmp

Run Build Command:/usr/bin/gmake "cmTryCompileExec/fast"
/usr/bin/gmake -f CMakeFiles/cmTryCompileExec.dir/build.make CMakeFiles/cmTryCompileExec.dir/build
gmake[1]: Entering directory `/home/somebody/projects/qmpdclient/CMakeFiles/CMakeTmp'
/usr/bin/cmake -E cmake_progress_report /home/somebody/projects/qmpdclient/CMakeFiles/CMakeTmp/CMakeFiles 1
Building C object CMakeFiles/cmTryCompileExec.dir/CheckSymbolExists.c.o
/usr/bin/gcc   -I/usr/lib/qt/include   -o CMakeFiles/cmTryCompileExec.dir/CheckSymbolExists.c.o   -c /home/somebody/projects/qmpdclient/CMakeFiles/CMakeTmp/CheckSymbolExists.c
Linking C executable cmTryCompileExec
/usr/bin/cmake -E cmake_link_script CMakeFiles/cmTryCompileExec.dir/link.txt --verbose=1
/usr/bin/gcc        CMakeFiles/cmTryCompileExec.dir/CheckSymbolExists.c.o  -o cmTryCompileExec -rdynamic 
gmake[1]: Leaving directory `/home/somebody/projects/qmpdclient/CMakeFiles/CMakeTmp'

File /home/somebody/projects/qmpdclient/CMakeFiles/CMakeTmp/CheckSymbolExists.c:
/* */
#include <QtCore/qglobal.h>

void cmakeRequireSymbol(int dummy,...){(void)dummy;}
int main()
{
#ifndef Q_WS_X11
  cmakeRequireSymbol(0,&Q_WS_X11);
#endif
  return 0;
}

Determining if the _POSIX_TIMERS exist passed with the following output:
Change Dir: /home/somebody/projects/qmpdclient/CMakeFiles/CMakeTmp

Run Build Command:/usr/bin/gmake "cmTryCompileExec/fast"
/usr/bin/gmake -f CMakeFiles/cmTryCompileExec.dir/build.make CMakeFiles/cmTryCompileExec.dir/build
gmake[1]: Entering directory `/home/somebody/projects/qmpdclient/CMakeFiles/CMakeTmp'
/usr/bin/cmake -E cmake_progress_report /home/somebody/projects/qmpdclient/CMakeFiles/CMakeTmp/CMakeFiles 1
Building C object CMakeFiles/cmTryCompileExec.dir/CheckSymbolExists.c.o
/usr/bin/gcc    -o CMakeFiles/cmTryCompileExec.dir/CheckSymbolExists.c.o   -c /home/somebody/projects/qmpdclient/CMakeFiles/CMakeTmp/CheckSymbolExists.c
Linking C executable cmTryCompileExec
/usr/bin/cmake -E cmake_link_script CMakeFiles/cmTryCompileExec.dir/link.txt --verbose=1
/usr/bin/gcc        CMakeFiles/cmTryCompileExec.dir/CheckSymbolExists.c.o  -o cmTryCompileExec -rdynamic -lrt 
gmake[1]: Leaving directory `/home/somebody/projects/qmpdclient/CMakeFiles/CMakeTmp'

File /home/somebody/projects/qmpdclient/CMakeFiles/CMakeTmp/CheckSymbolExists.c:
/* */
#include <unistd.h>
#include <time.h>

void cmakeRequireSymbol(int dummy,...){(void)dummy;}
int main()
{
#ifndef _POSIX_TIMERS
  cmakeRequireSymbol(0,&_POSIX_TIMERS);
#endif
  return 0;
}

